<?xml version="1.0" encoding="UTF-8"?>
<testng-results skipped="0" failed="0" ignored="0" total="1" passed="1">
  <reporter-output>
  </reporter-output>
  <suite name="Default suite" duration-ms="12293" started-at="2022-11-19T20:57:17 COT" finished-at="2022-11-19T20:57:29 COT">
    <groups>
      <group name="cucumber">
        <method signature="AbstractTestNGCucumberTests.feature(cucumber.api.testng.CucumberFeatureWrapper)[pri:0, instance:RunTest@ef309d]" name="feature" class="cucumber.api.testng.AbstractTestNGCucumberTests"/>
      </group> <!-- cucumber -->
    </groups>
    <test name="Default test" duration-ms="12293" started-at="2022-11-19T20:57:17 COT" finished-at="2022-11-19T20:57:29 COT">
      <class name="RunTest">
        <test-method status="PASS" signature="setUpClass()[pri:0, instance:RunTest@ef309d]" name="setUpClass" is-config="true" duration-ms="221" started-at="2022-11-19T20:57:17 COT" finished-at="2022-11-19T20:57:17 COT">
          <reporter-output>
          </reporter-output>
        </test-method> <!-- setUpClass -->
        <test-method status="PASS" signature="feature(cucumber.api.testng.CucumberFeatureWrapper)[pri:0, instance:RunTest@ef309d]" name="feature" duration-ms="11970" started-at="2022-11-19T20:57:17 COT" description="Runs Cucumber Feature" data-provider="features" finished-at="2022-11-19T20:57:29 COT">
          <params>
            <param index="0">
              <value>
                <![CDATA[Login]]>
              </value>
            </param>
          </params>
          <reporter-output>
          </reporter-output>
        </test-method> <!-- feature -->
        <test-method status="PASS" signature="tearDownClass()[pri:0, instance:RunTest@ef309d]" name="tearDownClass" is-config="true" duration-ms="6" started-at="2022-11-19T20:57:29 COT" finished-at="2022-11-19T20:57:29 COT">
          <reporter-output>
          </reporter-output>
        </test-method> <!-- tearDownClass -->
      </class> <!-- RunTest -->
    </test> <!-- Default test -->
  </suite> <!-- Default suite -->
</testng-results>
